<?xml version="1.0" encoding="UTF-8"?>
<!-- Generated by org.testng.reporters.JUnitXMLReporter -->
<testsuite hostname="DESKTOP-GJPCM2K" ignored="0" name="Add Customer Test" tests="6" failures="0" timestamp="20 Oct 2019 07:32:19 GMT" time="21.502" errors="0">
  <testcase name="addCustomer" time="4.263" classname="com.w2a.testcases.AddCustomerTest"/>
  <testcase name="addCustomer" time="3.382" classname="com.w2a.testcases.AddCustomerTest"/>
  <testcase name="addCustomer" time="3.349" classname="com.w2a.testcases.AddCustomerTest"/>
  <testcase name="addCustomer" time="3.371" classname="com.w2a.testcases.AddCustomerTest"/>
  <testcase name="addCustomer" time="3.366" classname="com.w2a.testcases.AddCustomerTest"/>
  <testcase name="addCustomer" time="3.365" classname="com.w2a.testcases.AddCustomerTest"/>
</testsuite> <!-- Add Customer Test -->
