<?xml version="1.0" encoding="UTF-8"?>
<testng-results skipped="0" failed="0" ignored="0" total="7" passed="7">
  <reporter-output>
    <line>
      <![CDATA[LoginTest Sucessfully Executed !!!!]]>
    </line>
    <line>
      <![CDATA[<a href="null>ScreenShot</a>]]>
    </line>
  </reporter-output>
  <suite name="Data Driven Basics" duration-ms="24919" started-at="2019-10-20T07:31:55Z" finished-at="2019-10-20T07:32:19Z">
    <groups>
    </groups>
    <test name=" Bank Manager Login Test" duration-ms="3404" started-at="2019-10-20T07:31:55Z" finished-at="2019-10-20T07:31:58Z">
      <class name="com.w2a.testcases.LoginTest">
        <test-method status="PASS" signature="loginAsBankManager()[pri:0, instance:com.w2a.testcases.LoginTest@34123d65]" name="loginAsBankManager" duration-ms="3136" started-at="2019-10-20T13:01:55Z" finished-at="2019-10-20T13:01:58Z">
          <reporter-output>
            <line>
              <![CDATA[LoginTest Sucessfully Executed !!!!]]>
            </line>
            <line>
              <![CDATA[<a href="null>ScreenShot</a>]]>
            </line>
          </reporter-output>
        </test-method> <!-- loginAsBankManager -->
      </class> <!-- com.w2a.testcases.LoginTest -->
    </test> <!--  Bank Manager Login Test -->
    <test name="Add Customer Test" duration-ms="21502" started-at="2019-10-20T07:31:58Z" finished-at="2019-10-20T07:32:19Z">
      <class name="com.w2a.testcases.AddCustomerTest">
        <test-method status="PASS" signature="setUp()[pri:0, instance:com.w2a.testcases.AddCustomerTest@175c2241]" name="setUp" is-config="true" duration-ms="7110" started-at="2019-10-20T13:01:47Z" finished-at="2019-10-20T13:01:55Z">
          <reporter-output>
          </reporter-output>
        </test-method> <!-- setUp -->
        <test-method status="PASS" signature="addCustomer(java.lang.String, java.lang.String, java.lang.String, java.lang.String)[pri:0, instance:com.w2a.testcases.AddCustomerTest@175c2241]" name="addCustomer" duration-ms="4263" started-at="2019-10-20T13:01:58Z" data-provider="getData" finished-at="2019-10-20T13:02:02Z">
          <params>
            <param index="0">
              <value>
                <![CDATA[Paresh]]>
              </value>
            </param>
            <param index="1">
              <value>
                <![CDATA[Chaudhary]]>
              </value>
            </param>
            <param index="2">
              <value>
                <![CDATA[422009.0]]>
              </value>
            </param>
            <param index="3">
              <value>
                <![CDATA[Customer added successfully ]]>
              </value>
            </param>
          </params>
          <reporter-output>
          </reporter-output>
        </test-method> <!-- addCustomer -->
        <test-method status="PASS" signature="addCustomer(java.lang.String, java.lang.String, java.lang.String, java.lang.String)[pri:0, instance:com.w2a.testcases.AddCustomerTest@175c2241]" name="addCustomer" duration-ms="3382" started-at="2019-10-20T13:02:02Z" data-provider="getData" finished-at="2019-10-20T13:02:06Z">
          <params>
            <param index="0">
              <value>
                <![CDATA[Praashant ]]>
              </value>
            </param>
            <param index="1">
              <value>
                <![CDATA[Zodge]]>
              </value>
            </param>
            <param index="2">
              <value>
                <![CDATA[411041.0]]>
              </value>
            </param>
            <param index="3">
              <value>
                <![CDATA[Customer added successfully ]]>
              </value>
            </param>
          </params>
          <reporter-output>
          </reporter-output>
        </test-method> <!-- addCustomer -->
        <test-method status="PASS" signature="addCustomer(java.lang.String, java.lang.String, java.lang.String, java.lang.String)[pri:0, instance:com.w2a.testcases.AddCustomerTest@175c2241]" name="addCustomer" duration-ms="3349" started-at="2019-10-20T13:02:06Z" data-provider="getData" finished-at="2019-10-20T13:02:09Z">
          <params>
            <param index="0">
              <value>
                <![CDATA[Sumit ]]>
              </value>
            </param>
            <param index="1">
              <value>
                <![CDATA[Desai]]>
              </value>
            </param>
            <param index="2">
              <value>
                <![CDATA[411042.0]]>
              </value>
            </param>
            <param index="3">
              <value>
                <![CDATA[Customer added successfully ]]>
              </value>
            </param>
          </params>
          <reporter-output>
          </reporter-output>
        </test-method> <!-- addCustomer -->
        <test-method status="PASS" signature="addCustomer(java.lang.String, java.lang.String, java.lang.String, java.lang.String)[pri:0, instance:com.w2a.testcases.AddCustomerTest@175c2241]" name="addCustomer" duration-ms="3371" started-at="2019-10-20T13:02:09Z" data-provider="getData" finished-at="2019-10-20T13:02:13Z">
          <params>
            <param index="0">
              <value>
                <![CDATA[Pragati ]]>
              </value>
            </param>
            <param index="1">
              <value>
                <![CDATA[Joshi]]>
              </value>
            </param>
            <param index="2">
              <value>
                <![CDATA[411034.0]]>
              </value>
            </param>
            <param index="3">
              <value>
                <![CDATA[Customer added successfully ]]>
              </value>
            </param>
          </params>
          <reporter-output>
          </reporter-output>
        </test-method> <!-- addCustomer -->
        <test-method status="PASS" signature="addCustomer(java.lang.String, java.lang.String, java.lang.String, java.lang.String)[pri:0, instance:com.w2a.testcases.AddCustomerTest@175c2241]" name="addCustomer" duration-ms="3366" started-at="2019-10-20T13:02:13Z" data-provider="getData" finished-at="2019-10-20T13:02:16Z">
          <params>
            <param index="0">
              <value>
                <![CDATA[Kishor ]]>
              </value>
            </param>
            <param index="1">
              <value>
                <![CDATA[khurade]]>
              </value>
            </param>
            <param index="2">
              <value>
                <![CDATA[415289.0]]>
              </value>
            </param>
            <param index="3">
              <value>
                <![CDATA[Customer added successfully ]]>
              </value>
            </param>
          </params>
          <reporter-output>
          </reporter-output>
        </test-method> <!-- addCustomer -->
        <test-method status="PASS" signature="addCustomer(java.lang.String, java.lang.String, java.lang.String, java.lang.String)[pri:0, instance:com.w2a.testcases.AddCustomerTest@175c2241]" name="addCustomer" duration-ms="3365" started-at="2019-10-20T13:02:16Z" data-provider="getData" finished-at="2019-10-20T13:02:19Z">
          <params>
            <param index="0">
              <value>
                <![CDATA[Mithilesh ]]>
              </value>
            </param>
            <param index="1">
              <value>
                <![CDATA[Abdulle]]>
              </value>
            </param>
            <param index="2">
              <value>
                <![CDATA[875614.0]]>
              </value>
            </param>
            <param index="3">
              <value>
                <![CDATA[Customer added successfully ]]>
              </value>
            </param>
          </params>
          <reporter-output>
          </reporter-output>
        </test-method> <!-- addCustomer -->
        <test-method status="PASS" signature="tearDown()[pri:0, instance:com.w2a.testcases.AddCustomerTest@175c2241]" name="tearDown" is-config="true" duration-ms="716" started-at="2019-10-20T13:02:19Z" finished-at="2019-10-20T13:02:20Z">
          <reporter-output>
          </reporter-output>
        </test-method> <!-- tearDown -->
      </class> <!-- com.w2a.testcases.AddCustomerTest -->
    </test> <!-- Add Customer Test -->
  </suite> <!-- Data Driven Basics -->
</testng-results>
