<?xml version="1.0" encoding="UTF-8"?>
<!-- Generated by org.testng.reporters.JUnitXMLReporter -->
<testsuite hostname="DESKTOP-GJPCM2K" ignored="8" name="Default test" tests="7" failures="0" timestamp="19 Oct 2019 23:09:05 GMT" time="44.634" errors="0">
  <testcase name="loginAsBankManager" time="3.171" classname="com.w2a.testcases.LoginTest"/>
  <testcase name="addCustomer" time="4.219" classname="com.w2a.testcases.AddCustomerTest"/>
  <testcase name="addCustomer" time="13.455" classname="com.w2a.testcases.AddCustomerTest"/>
  <testcase name="addCustomer" time="13.434" classname="com.w2a.testcases.AddCustomerTest"/>
  <testcase name="addCustomer" time="3.43" classname="com.w2a.testcases.AddCustomerTest"/>
  <testcase name="addCustomer" time="3.414" classname="com.w2a.testcases.AddCustomerTest"/>
  <testcase name="addCustomer" time="3.462" classname="com.w2a.testcases.AddCustomerTest"/>
  <testcase name="@BeforeSuite setUp" time="0.0" classname="com.w2a.base.TestBase">
    <ignored/>
  </testcase> <!-- @BeforeSuite setUp -->
  <testcase name="@BeforeSuite setUp" time="0.0" classname="com.w2a.base.TestBase">
    <ignored/>
  </testcase> <!-- @BeforeSuite setUp -->
  <testcase name="@BeforeSuite setUp" time="0.0" classname="com.w2a.base.TestBase">
    <ignored/>
  </testcase> <!-- @BeforeSuite setUp -->
  <testcase name="@BeforeSuite setUp" time="0.0" classname="com.w2a.base.TestBase">
    <ignored/>
  </testcase> <!-- @BeforeSuite setUp -->
  <testcase name="@AfterSuite tearDown" time="0.0" classname="com.w2a.base.TestBase">
    <ignored/>
  </testcase> <!-- @AfterSuite tearDown -->
  <testcase name="@AfterSuite tearDown" time="0.0" classname="com.w2a.base.TestBase">
    <ignored/>
  </testcase> <!-- @AfterSuite tearDown -->
  <testcase name="@AfterSuite tearDown" time="0.0" classname="com.w2a.base.TestBase">
    <ignored/>
  </testcase> <!-- @AfterSuite tearDown -->
  <testcase name="@AfterSuite tearDown" time="0.0" classname="com.w2a.base.TestBase">
    <ignored/>
  </testcase> <!-- @AfterSuite tearDown -->
</testsuite> <!-- Default test -->
